This is pdfTeX, Version 3.14159265-2.6-1.40.18 (TeX Live 2017/Debian) (preloaded format=pdflatex 2018.11.3)  8 MAR 2019 18:54
entering extended mode
 restricted \write18 enabled.
 %&-line parsing enabled.
**report.tex
(./report.tex
LaTeX2e <2017-04-15>
Babel <3.18> and hyphenation patterns for 5 language(s) loaded.
(/usr/share/texlive/texmf-dist/tex/latex/base/article.cls
Document Class: article 2014/09/29 v1.4h Standard LaTeX document class
(/usr/share/texlive/texmf-dist/tex/latex/base/size12.clo
File: size12.clo 2014/09/29 v1.4h Standard LaTeX file (size option)
)
\c@part=\count79
\c@section=\count80
\c@subsection=\count81
\c@subsubsection=\count82
\c@paragraph=\count83
\c@subparagraph=\count84
\c@figure=\count85
\c@table=\count86
\abovecaptionskip=\skip41
\belowcaptionskip=\skip42
\bibindent=\dimen102
)
(/usr/share/texlive/texmf-dist/tex/generic/babel/babel.sty
Package: babel 2018/02/14 3.18 The Babel package

(/usr/share/texlive/texmf-dist/tex/generic/babel/switch.def
File: switch.def 2018/02/14 3.18 Babel switching mechanism
)
(/usr/share/texlive/texmf-dist/tex/generic/babel-english/english.ldf
Language: english 2017/06/06 v3.3r English support from the babel system

(/usr/share/texlive/texmf-dist/tex/generic/babel/babel.def
File: babel.def 2018/02/14 3.18 Babel common definitions
\babel@savecnt=\count87
\U@D=\dimen103

(/usr/share/texlive/texmf-dist/tex/generic/babel/txtbabel.def)
\bbl@dirlevel=\count88
)
\l@canadian = a dialect from \language\l@american 
\l@australian = a dialect from \language\l@british 
\l@newzealand = a dialect from \language\l@british 
))
(/usr/share/texlive/texmf-dist/tex/latex/base/inputenc.sty
Package: inputenc 2015/03/17 v1.2c Input encoding file
\inpenc@prehook=\toks14
\inpenc@posthook=\toks15

(/usr/share/texlive/texmf-dist/tex/latex/ucs/utf8x.def
File: utf8x.def 2004/10/17 UCS: Input encoding UTF-8
))
(/usr/share/texlive/texmf-dist/tex/latex/ucs/ucs.sty
Package: ucs 2013/05/11 v2.2 UCS: Unicode input support

(/usr/share/texlive/texmf-dist/tex/latex/ucs/data/uni-global.def
File: uni-global.def 2013/05/13 UCS: Unicode global data
)
\uc@secondtry=\count89
\uc@combtoks=\toks16
\uc@combtoksb=\toks17
\uc@temptokena=\toks18
)
(/usr/share/texlive/texmf-dist/tex/latex/natbib/natbib.sty
Package: natbib 2010/09/13 8.31b (PWD, AO)
\bibhang=\skip43
\bibsep=\skip44
LaTeX Info: Redefining \cite on input line 694.
\c@NAT@ctr=\count90
)
(/usr/share/texlive/texmf-dist/tex/latex/graphics/color.sty
Package: color 2016/07/10 v1.1e Standard LaTeX Color (DPC)

(/usr/share/texlive/texmf-dist/tex/latex/graphics-cfg/color.cfg
File: color.cfg 2016/01/02 v1.6 sample color configuration
)
Package color Info: Driver file: pdftex.def on input line 147.

(/usr/share/texlive/texmf-dist/tex/latex/graphics-def/pdftex.def
File: pdftex.def 2018/01/08 v1.0l Graphics/color driver for pdftex
))
(/usr/share/texlive/texmf-dist/tex/latex/titlesec/titlesec.sty
Package: titlesec 2016/03/21 v2.10.2 Sectioning titles
\ttl@box=\box26
\beforetitleunit=\skip45
\aftertitleunit=\skip46
\ttl@plus=\dimen104
\ttl@minus=\dimen105
\ttl@toksa=\toks19
\titlewidth=\dimen106
\titlewidthlast=\dimen107
\titlewidthfirst=\dimen108
)
(/usr/share/texlive/texmf-dist/tex/latex/url/url.sty
\Urlmuskip=\muskip10
Package: url 2013/09/16  ver 3.4  Verb mode for urls, etc.
)
(/usr/share/texlive/texmf-dist/tex/latex/graphics/graphicx.sty
Package: graphicx 2017/06/01 v1.1a Enhanced LaTeX Graphics (DPC,SPQR)

(/usr/share/texlive/texmf-dist/tex/latex/graphics/keyval.sty
Package: keyval 2014/10/28 v1.15 key=value parser (DPC)
\KV@toks@=\toks20
)
(/usr/share/texlive/texmf-dist/tex/latex/graphics/graphics.sty
Package: graphics 2017/06/25 v1.2c Standard LaTeX Graphics (DPC,SPQR)

(/usr/share/texlive/texmf-dist/tex/latex/graphics/trig.sty
Package: trig 2016/01/03 v1.10 sin cos tan (DPC)
)
(/usr/share/texlive/texmf-dist/tex/latex/graphics-cfg/graphics.cfg
File: graphics.cfg 2016/06/04 v1.11 sample graphics configuration
)
Package graphics Info: Driver file: pdftex.def on input line 99.
)
\Gin@req@height=\dimen109
\Gin@req@width=\dimen110
)
(/usr/share/texlive/texmf-dist/tex/latex/placeins/placeins.sty
Package: placeins 2005/04/18  v 2.2
)
(/usr/share/texlive/texmf-dist/tex/latex/chngcntr/chngcntr.sty
Package: chngcntr 2009/09/02 v1.0a change counter resetting
)
(/usr/share/texlive/texmf-dist/tex/latex/caption/subcaption.sty
Package: subcaption 2016/05/22 v1.1-161 Sub-captions (AR)

(/usr/share/texlive/texmf-dist/tex/latex/caption/caption.sty
Package: caption 2016/02/21 v3.3-144 Customizing captions (AR)

(/usr/share/texlive/texmf-dist/tex/latex/caption/caption3.sty
Package: caption3 2016/05/22 v1.7-166 caption3 kernel (AR)
Package caption3 Info: TeX engine: e-TeX on input line 67.
\captionmargin=\dimen111
\captionmargin@=\dimen112
\captionwidth=\dimen113
\caption@tempdima=\dimen114
\caption@indent=\dimen115
\caption@parindent=\dimen116
\caption@hangindent=\dimen117
)
\c@ContinuedFloat=\count91
)
\c@subfigure=\count92
\c@subtable=\count93
) (./report.aux)
\openout1 = `report.aux'.

LaTeX Font Info:    Checking defaults for OML/cmm/m/it on input line 36.
LaTeX Font Info:    ... okay on input line 36.
LaTeX Font Info:    Checking defaults for T1/cmr/m/n on input line 36.
LaTeX Font Info:    ... okay on input line 36.
LaTeX Font Info:    Checking defaults for OT1/cmr/m/n on input line 36.
LaTeX Font Info:    ... okay on input line 36.
LaTeX Font Info:    Checking defaults for OMS/cmsy/m/n on input line 36.
LaTeX Font Info:    ... okay on input line 36.
LaTeX Font Info:    Checking defaults for OMX/cmex/m/n on input line 36.
LaTeX Font Info:    ... okay on input line 36.
LaTeX Font Info:    Checking defaults for U/cmr/m/n on input line 36.
LaTeX Font Info:    ... okay on input line 36.
(/usr/share/texlive/texmf-dist/tex/latex/ucs/ucsencs.def
File: ucsencs.def 2011/01/21 Fixes to fontencodings LGR, T3
)
(/usr/share/texlive/texmf-dist/tex/context/base/mkii/supp-pdf.mkii
[Loading MPS to PDF converter (version 2006.09.02).]
\scratchcounter=\count94
\scratchdimen=\dimen118
\scratchbox=\box27
\nofMPsegments=\count95
\nofMParguments=\count96
\everyMPshowfont=\toks21
\MPscratchCnt=\count97
\MPscratchDim=\dimen119
\MPnumerator=\count98
\makeMPintoPDFobject=\count99
\everyMPtoPDFconversion=\toks22
) (/usr/share/texlive/texmf-dist/tex/latex/oberdiek/epstopdf-base.sty
Package: epstopdf-base 2016/05/15 v2.6 Base part for package epstopdf

(/usr/share/texlive/texmf-dist/tex/generic/oberdiek/infwarerr.sty
Package: infwarerr 2016/05/16 v1.4 Providing info/warning/error messages (HO)
)
(/usr/share/texlive/texmf-dist/tex/latex/oberdiek/grfext.sty
Package: grfext 2016/05/16 v1.2 Manage graphics extensions (HO)

(/usr/share/texlive/texmf-dist/tex/generic/oberdiek/kvdefinekeys.sty
Package: kvdefinekeys 2016/05/16 v1.4 Define keys (HO)

(/usr/share/texlive/texmf-dist/tex/generic/oberdiek/ltxcmds.sty
Package: ltxcmds 2016/05/16 v1.23 LaTeX kernel commands for general use (HO)
)))
(/usr/share/texlive/texmf-dist/tex/latex/oberdiek/kvoptions.sty
Package: kvoptions 2016/05/16 v3.12 Key value format for package options (HO)

(/usr/share/texlive/texmf-dist/tex/generic/oberdiek/kvsetkeys.sty
Package: kvsetkeys 2016/05/16 v1.17 Key value parser (HO)

(/usr/share/texlive/texmf-dist/tex/generic/oberdiek/etexcmds.sty
Package: etexcmds 2016/05/16 v1.6 Avoid name clashes with e-TeX commands (HO)

(/usr/share/texlive/texmf-dist/tex/generic/oberdiek/ifluatex.sty
Package: ifluatex 2016/05/16 v1.4 Provides the ifluatex switch (HO)
Package ifluatex Info: LuaTeX not detected.
)
Package etexcmds Info: Could not find \expanded.
(etexcmds)             That can mean that you are not using pdfTeX 1.50 or
(etexcmds)             that some package has redefined \expanded.
(etexcmds)             In the latter case, load this package earlier.
)))
(/usr/share/texlive/texmf-dist/tex/generic/oberdiek/pdftexcmds.sty
Package: pdftexcmds 2018/01/21 v0.26 Utility functions of pdfTeX for LuaTeX (HO
)

(/usr/share/texlive/texmf-dist/tex/generic/oberdiek/ifpdf.sty
Package: ifpdf 2017/03/15 v3.2 Provides the ifpdf switch
)
Package pdftexcmds Info: LuaTeX not detected.
Package pdftexcmds Info: \pdf@primitive is available.
Package pdftexcmds Info: \pdf@ifprimitive is available.
Package pdftexcmds Info: \pdfdraftmode found.
)
Package epstopdf-base Info: Redefining graphics rule for `.eps' on input line 4
38.
Package grfext Info: Graphics extension search list:
(grfext)             [.pdf,.png,.jpg,.mps,.jpeg,.jbig2,.jb2,.PDF,.PNG,.JPG,.JPE
G,.JBIG2,.JB2,.eps]
(grfext)             \AppendGraphicsExtensions on input line 456.

(/usr/share/texlive/texmf-dist/tex/latex/latexconfig/epstopdf-sys.cfg
File: epstopdf-sys.cfg 2010/07/13 v1.3 Configuration of (r)epstopdf for TeX Liv
e
))
Package caption Info: Begin \AtBeginDocument code.
Package caption Info: End \AtBeginDocument code.
<images/standrewslogo.png, id=1, 185.19188pt x 225.84375pt>
File: images/standrewslogo.png Graphic file (type png)
<use images/standrewslogo.png>
Package pdftex.def Info: images/standrewslogo.png  used on input line 78.
(pdftex.def)             Requested size: 88.2037pt x 107.56636pt.

[1

{/var/lib/texmf/fonts/map/pdftex/updmap/pdftex.map} <./images/standrewslogo.png
>] (./report.toc [1])
\tf@toc=\write3
\openout3 = `report.toc'.

 [2]
LaTeX Font Info:    External font `cmex10' loaded for size
(Font)              <12> on input line 114.
LaTeX Font Info:    External font `cmex10' loaded for size
(Font)              <8> on input line 114.
LaTeX Font Info:    External font `cmex10' loaded for size
(Font)              <6> on input line 114.

Overfull \hbox (6.90376pt too wide) in paragraph at lines 114--115
[]\OT1/cmr/m/n/12 The 586 pos-si-ble val-ues of Y1 were split into 50 bins us-i
ng $\OT1/cmtt/m/n/12 numpy . digitize$\OT1/cmr/m/n/12 ,
 []

[1]
<images/XDist.png, id=23, 462.528pt x 346.896pt>
File: images/XDist.png Graphic file (type png)
<use images/XDist.png>
Package pdftex.def Info: images/XDist.png  used on input line 124.
(pdftex.def)             Requested size: 312.00119pt x 234.01236pt.
<images/YDist.png, id=24, 462.528pt x 346.896pt>
File: images/YDist.png Graphic file (type png)
<use images/YDist.png>
Package pdftex.def Info: images/YDist.png  used on input line 131.
(pdftex.def)             Requested size: 312.00119pt x 234.01236pt.
 [2 <./images/XDist.png>]
<images/XsVsY0.png, id=29, 700.2963pt x 435.7881pt>
File: images/XsVsY0.png Graphic file (type png)
<use images/XsVsY0.png>
Package pdftex.def Info: images/XsVsY0.png  used on input line 144.
(pdftex.def)             Requested size: 312.00119pt x 194.1545pt.
<images/XsVsY1.png, id=30, 700.2963pt x 435.7881pt>
File: images/XsVsY1.png Graphic file (type png)
<use images/XsVsY1.png>
Package pdftex.def Info: images/XsVsY1.png  used on input line 151.
(pdftex.def)             Requested size: 312.00119pt x 194.1545pt.
 [3 <./images/YDist.png>]
<images/Y1vsY2.png, id=35, 462.528pt x 346.896pt>
File: images/Y1vsY2.png Graphic file (type png)
<use images/Y1vsY2.png>
Package pdftex.def Info: images/Y1vsY2.png  used on input line 162.
(pdftex.def)             Requested size: 312.00119pt x 234.01236pt.
 [4 <./images/XsVsY0.png> <./images/XsVsY1.png>] [5 <./images/Y1vsY2.png>] [6]
<images/cartvslinear.png, id=49, 536.0025pt x 373.395pt>
File: images/cartvslinear.png Graphic file (type png)
<use images/cartvslinear.png>
Package pdftex.def Info: images/cartvslinear.png  used on input line 218.
(pdftex.def)             Requested size: 312.00119pt x 217.34412pt.
 [7] [8 <./images/cartvslinear.png>]
<images/depth.png, id=57, 462.528pt x 346.896pt>
File: images/depth.png Graphic file (type png)
<use images/depth.png>
Package pdftex.def Info: images/depth.png  used on input line 241.
(pdftex.def)             Requested size: 312.00119pt x 234.01236pt.
 [9 <./images/depth.png>]
<images/fiY1.png, id=62, 462.528pt x 346.896pt>
File: images/fiY1.png Graphic file (type png)
<use images/fiY1.png>
Package pdftex.def Info: images/fiY1.png  used on input line 260.
(pdftex.def)             Requested size: 195.0pt x 146.2511pt.
<images/fiY2.png, id=63, 462.528pt x 346.896pt>
File: images/fiY2.png Graphic file (type png)
<use images/fiY2.png>
Package pdftex.def Info: images/fiY2.png  used on input line 266.
(pdftex.def)             Requested size: 195.0pt x 146.2511pt.
 [10 <./images/fiY1.png> <./images/fiY2.png>]
<images/Y1errordist.png, id=71, 462.528pt x 346.896pt>
File: images/Y1errordist.png Graphic file (type png)
<use images/Y1errordist.png>
Package pdftex.def Info: images/Y1errordist.png  used on input line 331.
(pdftex.def)             Requested size: 195.0pt x 146.2511pt.
<images/Y1scatter.png, id=72, 462.528pt x 346.896pt>
File: images/Y1scatter.png Graphic file (type png)
<use images/Y1scatter.png>
Package pdftex.def Info: images/Y1scatter.png  used on input line 337.
(pdftex.def)             Requested size: 195.0pt x 146.2511pt.
<images/Y2errordist.png, id=73, 462.528pt x 346.896pt>
File: images/Y2errordist.png Graphic file (type png)
<use images/Y2errordist.png>
Package pdftex.def Info: images/Y2errordist.png  used on input line 349.
(pdftex.def)             Requested size: 195.0pt x 146.2511pt.
<images/Y2scatter.png, id=74, 462.528pt x 346.896pt>
File: images/Y2scatter.png Graphic file (type png)
<use images/Y2scatter.png>
Package pdftex.def Info: images/Y2scatter.png  used on input line 355.
(pdftex.def)             Requested size: 195.0pt x 146.2511pt.
[11] [12 <./images/Y1errordist.png> <./images/Y1scatter.png> <./images/Y2errord
ist.png> <./images/Y2scatter.png>] (./report.bbl
(/usr/share/texlive/texmf-dist/tex/latex/ucs/data/uni-32.def
File: uni-32.def 2013/05/13 UCS: Unicode data U+2000..U+20FF
)
Underfull \hbox (badness 4279) in paragraph at lines 21--24
[]\OT1/cmr/m/n/12 Scikit-learn de-ci-sion trees.  $\OT1/cmtt/m/n/12 https : / /
 scikit-[]learn . org / stable /
 []

[13]) [14] (./report.aux) ) 
Here is how much of TeX's memory you used:
 4465 strings out of 494880
 67769 string characters out of 6179601
 141481 words of memory out of 5000000
 7704 multiletter control sequences out of 15000+600000
 10867 words of font info for 38 fonts, out of 8000000 for 9000
 36 hyphenation exceptions out of 8191
 42i,11n,42p,633b,455s stack positions out of 5000i,500n,10000p,200000b,80000s
</usr/share/texlive/texmf-dist/fonts/type1/public/am
sfonts/cm/cmbx12.pfb></usr/share/texlive/texmf-dist/fonts/type1/public/amsfonts
/cm/cmcsc10.pfb></usr/share/texlive/texmf-dist/fonts/type1/public/amsfonts/cm/c
mr10.pfb></usr/share/texlive/texmf-dist/fonts/type1/public/amsfonts/cm/cmr12.pf
b></usr/share/texlive/texmf-dist/fonts/type1/public/amsfonts/cm/cmsy10.pfb></us
r/share/texlive/texmf-dist/fonts/type1/public/amsfonts/cm/cmti12.pfb></usr/shar
e/texlive/texmf-dist/fonts/type1/public/amsfonts/cm/cmtt12.pfb>
Output written on report.pdf (17 pages, 611523 bytes).
PDF statistics:
 116 PDF objects out of 1000 (max. 8388607)
 61 compressed objects within 1 object stream
 0 named destinations out of 1000 (max. 500000)
 71 words of extra memory for PDF output out of 10000 (max. 10000000)

